<?xml version="1.0" encoding="UTF-8"?>
<!-- Generated by org.testng.reporters.JUnitReportReporter -->
<testsuite hostname="LAPTOP-04K9G834" name="com.pom.Newtourshomepagetesting" tests="1" failures="0" timestamp="27 Dec 2017 09:17:47 GMT" time="25.723" errors="0">
  <testcase name="homepagetesting" time="25.723" classname="com.pom.Newtourshomepagetesting"/>
</testsuite> <!-- com.pom.Newtourshomepagetesting -->
