<?xml version="1.0" encoding="UTF-8"?>
<!-- Generated by org.testng.reporters.JUnitReportReporter -->
<testsuite hostname="LAPTOP-04K9G834" name="com.datadriventest.Newusercreation_exceltestdata" tests="2" failures="0" timestamp="27 Dec 2017 06:35:37 GMT" time="33.258" errors="0">
  <testcase name="register" time="1.762" classname="com.datadriventest.Newusercreation_exceltestdata"/>
  <testcase name="newuserregister" time="31.496" classname="com.datadriventest.Newusercreation_exceltestdata"/>
</testsuite> <!-- com.datadriventest.Newusercreation_exceltestdata -->
