<?xml version="1.0" encoding="UTF-8"?>
<!-- Generated by org.testng.reporters.JUnitReportReporter -->
<testsuite hostname="LAPTOP-04K9G834" name="com.newtours_logintest.Newtours_logintest_using_TestNG" tests="1" failures="0" timestamp="23 Dec 2017 04:23:37 GMT" time="4.951" errors="0">
  <testcase name="logIn" time="4.951" classname="com.newtours_logintest.Newtours_logintest_using_TestNG"/>
</testsuite> <!-- com.newtours_logintest.Newtours_logintest_using_TestNG -->
