<?xml version="1.0" encoding="UTF-8"?>
<!-- Generated by org.testng.reporters.JUnitReportReporter -->
<testsuite hostname="LAPTOP-04K9G834" name="Userregister_using_TestNG" tests="2" failures="0" timestamp="25 Dec 2017 14:20:58 GMT" time="14.335" errors="0">
  <testcase name="Register" time="0.938" classname="Userregister_using_TestNG"/>
  <testcase name="newuserregister" time="13.397" classname="Userregister_using_TestNG"/>
</testsuite> <!-- Userregister_using_TestNG -->
