<?xml version="1.0" encoding="UTF-8"?>
<!-- Generated by org.testng.reporters.JUnitReportReporter -->
<testsuite hostname="LAPTOP-04K9G834" name="com.verifyinglinksurls.Verify_Urls" tests="1" failures="0" timestamp="27 Dec 2017 10:12:32 GMT" time="134.064" errors="0">
  <testcase name="verifyurl" time="134.064" classname="com.verifyinglinksurls.Verify_Urls"/>
</testsuite> <!-- com.verifyinglinksurls.Verify_Urls -->
